c:\users\miloo\desktop\proyects\locomotora\locomotora\x64\debug\vc143.pdb
c:\users\miloo\desktop\proyects\locomotora\locomotora\x64\debug\vc143.idb
c:\users\miloo\desktop\proyects\locomotora\locomotora\x64\debug\vector.obj
c:\users\miloo\desktop\proyects\locomotora\locomotora\x64\debug\motor.obj
c:\users\miloo\desktop\proyects\locomotora\locomotora\x64\debug\main.obj
c:\users\miloo\desktop\proyects\locomotora\locomotora\x64\debug\imgui_widgets.obj
c:\users\miloo\desktop\proyects\locomotora\locomotora\x64\debug\imgui_tables.obj
c:\users\miloo\desktop\proyects\locomotora\locomotora\x64\debug\imgui_impl_sdlrenderer3.obj
c:\users\miloo\desktop\proyects\locomotora\locomotora\x64\debug\imgui_impl_sdlgpu3.obj
c:\users\miloo\desktop\proyects\locomotora\locomotora\x64\debug\imgui_impl_sdl3.obj
c:\users\miloo\desktop\proyects\locomotora\locomotora\x64\debug\imgui_draw.obj
c:\users\miloo\desktop\proyects\locomotora\locomotora\x64\debug\imgui_demo.obj
c:\users\miloo\desktop\proyects\locomotora\locomotora\x64\debug\imgui.obj
c:\users\miloo\desktop\proyects\locomotora\x64\debug\locomotora.pdb
c:\users\miloo\desktop\proyects\locomotora\locomotora\x64\debug\locomotora.tlog\cl.command.1.tlog
c:\users\miloo\desktop\proyects\locomotora\locomotora\x64\debug\locomotora.tlog\cl.read.1.tlog
c:\users\miloo\desktop\proyects\locomotora\locomotora\x64\debug\locomotora.tlog\cl.write.1.tlog
c:\users\miloo\desktop\proyects\locomotora\locomotora\x64\debug\locomotora.tlog\link-cvtres.read.1.tlog
c:\users\miloo\desktop\proyects\locomotora\locomotora\x64\debug\locomotora.tlog\link-cvtres.write.1.tlog
c:\users\miloo\desktop\proyects\locomotora\locomotora\x64\debug\locomotora.tlog\link-rc.read.1.tlog
c:\users\miloo\desktop\proyects\locomotora\locomotora\x64\debug\locomotora.tlog\link-rc.write.1.tlog
c:\users\miloo\desktop\proyects\locomotora\locomotora\x64\debug\locomotora.tlog\link.command.1.tlog
c:\users\miloo\desktop\proyects\locomotora\locomotora\x64\debug\locomotora.tlog\link.read.1.tlog
c:\users\miloo\desktop\proyects\locomotora\locomotora\x64\debug\locomotora.tlog\link.read.2.tlog
c:\users\miloo\desktop\proyects\locomotora\locomotora\x64\debug\locomotora.tlog\link.read.3.tlog
c:\users\miloo\desktop\proyects\locomotora\locomotora\x64\debug\locomotora.tlog\link.read.4.tlog
c:\users\miloo\desktop\proyects\locomotora\locomotora\x64\debug\locomotora.tlog\link.write.1.tlog
